[INFO  - 2017-08-24T09:23:54.470Z] GhostDriver - Main - running on port 58180
[INFO  - 2017-08-24T09:23:57.539Z] Session [f4c2db20-88ad-11e7-9a4a-638b637702f8] - page.settings - {"XSSAuditingEnabled":false,"javascriptCanCloseWindows":true,"javascriptCanOpenWindows":true,"javascriptEnabled":true,"loadImages":true,"localToRemoteUrlAccessEnabled":false,"userAgent":"Mozilla/5.0 (Windows NT 6.2; WOW64) AppleWebKit/538.1 (KHTML, like Gecko) PhantomJS/2.1.1 Safari/538.1","webSecurityEnabled":true}
[INFO  - 2017-08-24T09:23:57.539Z] Session [f4c2db20-88ad-11e7-9a4a-638b637702f8] - page.customHeaders:  - {}
[INFO  - 2017-08-24T09:23:57.539Z] Session [f4c2db20-88ad-11e7-9a4a-638b637702f8] - Session.negotiatedCapabilities - {"browserName":"phantomjs","version":"2.1.1","driverName":"ghostdriver","driverVersion":"1.2.0","platform":"windows-10-32bit","javascriptEnabled":true,"takesScreenshot":true,"handlesAlerts":false,"databaseEnabled":false,"locationContextEnabled":false,"applicationCacheEnabled":false,"browserConnectionEnabled":false,"cssSelectorsEnabled":true,"webStorageEnabled":false,"rotatable":false,"acceptSslCerts":false,"nativeEvents":true,"proxy":{"proxyType":"direct"}}
[INFO  - 2017-08-24T09:23:57.539Z] SessionManagerReqHand - _postNewSessionCommand - New Session Created: f4c2db20-88ad-11e7-9a4a-638b637702f8
[ERROR - 2017-08-24T09:23:58.504Z] Session [f4c2db20-88ad-11e7-9a4a-638b637702f8] - page.onError - msg: SyntaxError: Unexpected token '<'

  phantomjs://platform/console++.js:263 in error
[ERROR - 2017-08-24T09:23:58.506Z] Session [f4c2db20-88ad-11e7-9a4a-638b637702f8] - page.onError - stack:
  Function (undefined:1)
  HandleStateChange (http://m.weather.com.cn/m/pn4/weather.htm?id=101240101T:63)
  send (:0)
  PostOrder (http://m.weather.com.cn/m/pn4/weather.htm?id=101240101T:68)
  returndata (http://m.weather.com.cn/m/pn4/weather.htm?id=101240101T:72)

  phantomjs://platform/console++.js:263 in error
[ERROR - 2017-08-24T09:23:58.507Z] Session [f4c2db20-88ad-11e7-9a4a-638b637702f8] - page.onError - msg: SyntaxError: Unexpected token '<'

  phantomjs://platform/console++.js:263 in error
[ERROR - 2017-08-24T09:23:58.507Z] Session [f4c2db20-88ad-11e7-9a4a-638b637702f8] - page.onError - stack:
  Function (undefined:1)
  HandleStateChange (http://m.weather.com.cn/m/pn4/weather.htm?id=101240101T:63)
  returndata (http://m.weather.com.cn/m/pn4/weather.htm?id=101240101T:73)

  phantomjs://platform/console++.js:263 in error
